mode: set
github.com/tendermint/go-merkle/util.go:8.36,10.17 2 0
github.com/tendermint/go-merkle/util.go:13.2,13.25 1 0
github.com/tendermint/go-merkle/util.go:10.17,12.3 1 0
github.com/tendermint/go-merkle/util.go:16.48,18.30 2 0
github.com/tendermint/go-merkle/util.go:22.2,22.27 1 0
github.com/tendermint/go-merkle/util.go:28.2,30.26 2 0
github.com/tendermint/go-merkle/util.go:18.30,20.3 1 0
github.com/tendermint/go-merkle/util.go:22.27,24.3 1 0
github.com/tendermint/go-merkle/util.go:24.3,24.34 1 0
github.com/tendermint/go-merkle/util.go:24.34,26.3 1 0
github.com/tendermint/go-merkle/util.go:30.26,32.3 1 0
github.com/tendermint/go-merkle/util.go:32.3,32.33 1 0
github.com/tendermint/go-merkle/util.go:32.33,34.3 1 0
github.com/tendermint/go-merkle/util.go:38.30,39.11 1 1
github.com/tendermint/go-merkle/util.go:42.2,42.10 1 1
github.com/tendermint/go-merkle/util.go:39.11,41.3 1 1
github.com/tendermint/go-merkle/iavl_node.go:27.64,34.2 1 1
github.com/tendermint/go-merkle/iavl_node.go:38.75,46.22 5 1
github.com/tendermint/go-merkle/iavl_node.go:54.2,54.13 1 1
github.com/tendermint/go-merkle/iavl_node.go:46.22,49.3 1 1
github.com/tendermint/go-merkle/iavl_node.go:49.3,53.3 2 1
github.com/tendermint/go-merkle/iavl_node.go:57.41,58.22 1 1
github.com/tendermint/go-merkle/iavl_node.go:61.2,71.3 1 1
github.com/tendermint/go-merkle/iavl_node.go:58.22,60.3 1 0
github.com/tendermint/go-merkle/iavl_node.go:74.68,75.44 1 1
github.com/tendermint/go-merkle/iavl_node.go:78.2,78.22 1 1
github.com/tendermint/go-merkle/iavl_node.go:75.44,77.3 1 1
github.com/tendermint/go-merkle/iavl_node.go:78.22,80.3 1 1
github.com/tendermint/go-merkle/iavl_node.go:80.3,81.44 1 1
github.com/tendermint/go-merkle/iavl_node.go:81.44,83.4 1 1
github.com/tendermint/go-merkle/iavl_node.go:83.4,85.4 1 1
github.com/tendermint/go-merkle/iavl_node.go:89.88,90.22 1 1
github.com/tendermint/go-merkle/iavl_node.go:90.22,91.45 1 1
github.com/tendermint/go-merkle/iavl_node.go:91.45,93.4 1 1
github.com/tendermint/go-merkle/iavl_node.go:93.4,95.4 1 0
github.com/tendermint/go-merkle/iavl_node.go:96.3,97.44 1 1
github.com/tendermint/go-merkle/iavl_node.go:97.44,99.4 1 1
github.com/tendermint/go-merkle/iavl_node.go:99.4,104.4 4 1
github.com/tendermint/go-merkle/iavl_node.go:108.95,109.22 1 0
github.com/tendermint/go-merkle/iavl_node.go:109.22,110.17 1 0
github.com/tendermint/go-merkle/iavl_node.go:110.17,112.4 1 0
github.com/tendermint/go-merkle/iavl_node.go:112.4,115.4 2 0
github.com/tendermint/go-merkle/iavl_node.go:116.3,120.28 2 0
github.com/tendermint/go-merkle/iavl_node.go:120.28,122.4 1 0
github.com/tendermint/go-merkle/iavl_node.go:122.4,124.4 1 0
github.com/tendermint/go-merkle/iavl_node.go:129.64,130.22 1 1
github.com/tendermint/go-merkle/iavl_node.go:134.2,137.16 4 1
github.com/tendermint/go-merkle/iavl_node.go:141.2,145.33 3 1
github.com/tendermint/go-merkle/iavl_node.go:130.22,132.3 1 1
github.com/tendermint/go-merkle/iavl_node.go:137.16,139.3 1 0
github.com/tendermint/go-merkle/iavl_node.go:149.98,155.22 3 1
github.com/tendermint/go-merkle/iavl_node.go:181.2,181.8 1 1
github.com/tendermint/go-merkle/iavl_node.go:155.22,159.3 2 1
github.com/tendermint/go-merkle/iavl_node.go:159.3,161.27 1 1
github.com/tendermint/go-merkle/iavl_node.go:166.3,166.27 1 1
github.com/tendermint/go-merkle/iavl_node.go:169.3,171.28 2 1
github.com/tendermint/go-merkle/iavl_node.go:176.3,176.28 1 1
github.com/tendermint/go-merkle/iavl_node.go:179.3,179.51 1 1
github.com/tendermint/go-merkle/iavl_node.go:161.27,165.4 3 1
github.com/tendermint/go-merkle/iavl_node.go:166.27,168.4 1 0
github.com/tendermint/go-merkle/iavl_node.go:171.28,175.4 3 1
github.com/tendermint/go-merkle/iavl_node.go:176.28,178.4 1 0
github.com/tendermint/go-merkle/iavl_node.go:186.48,187.22 1 1
github.com/tendermint/go-merkle/iavl_node.go:190.2,190.20 1 1
github.com/tendermint/go-merkle/iavl_node.go:195.2,195.26 1 1
github.com/tendermint/go-merkle/iavl_node.go:199.2,199.27 1 1
github.com/tendermint/go-merkle/iavl_node.go:205.2,206.18 2 1
github.com/tendermint/go-merkle/iavl_node.go:187.22,189.3 1 1
github.com/tendermint/go-merkle/iavl_node.go:190.20,192.3 1 0
github.com/tendermint/go-merkle/iavl_node.go:195.26,198.3 2 1
github.com/tendermint/go-merkle/iavl_node.go:199.27,202.3 2 1
github.com/tendermint/go-merkle/iavl_node.go:210.86,217.22 4 1
github.com/tendermint/go-merkle/iavl_node.go:232.2,232.8 1 1
github.com/tendermint/go-merkle/iavl_node.go:217.22,220.3 1 1
github.com/tendermint/go-merkle/iavl_node.go:220.3,222.27 1 1
github.com/tendermint/go-merkle/iavl_node.go:225.3,227.28 2 1
github.com/tendermint/go-merkle/iavl_node.go:230.3,230.51 1 1
github.com/tendermint/go-merkle/iavl_node.go:222.27,224.4 1 0
github.com/tendermint/go-merkle/iavl_node.go:227.28,229.4 1 0
github.com/tendermint/go-merkle/iavl_node.go:235.110,236.22 1 1
github.com/tendermint/go-merkle/iavl_node.go:236.22,238.14 2 1
github.com/tendermint/go-merkle/iavl_node.go:238.14,246.4 1 1
github.com/tendermint/go-merkle/iavl_node.go:246.4,246.22 1 1
github.com/tendermint/go-merkle/iavl_node.go:246.22,248.4 1 1
github.com/tendermint/go-merkle/iavl_node.go:248.4,256.4 1 1
github.com/tendermint/go-merkle/iavl_node.go:257.3,259.44 2 1
github.com/tendermint/go-merkle/iavl_node.go:266.3,266.14 1 1
github.com/tendermint/go-merkle/iavl_node.go:259.44,262.4 2 1
github.com/tendermint/go-merkle/iavl_node.go:262.4,265.4 2 1
github.com/tendermint/go-merkle/iavl_node.go:266.14,268.4 1 1
github.com/tendermint/go-merkle/iavl_node.go:268.4,271.4 2 1
github.com/tendermint/go-merkle/iavl_node.go:279.90,280.22 1 1
github.com/tendermint/go-merkle/iavl_node.go:280.22,281.45 1 1
github.com/tendermint/go-merkle/iavl_node.go:281.45,283.4 1 1
github.com/tendermint/go-merkle/iavl_node.go:283.4,285.4 1 0
github.com/tendermint/go-merkle/iavl_node.go:286.3,287.44 1 1
github.com/tendermint/go-merkle/iavl_node.go:287.44,291.16 4 1
github.com/tendermint/go-merkle/iavl_node.go:296.4,299.52 4 1
github.com/tendermint/go-merkle/iavl_node.go:291.16,293.5 1 0
github.com/tendermint/go-merkle/iavl_node.go:293.5,293.55 1 1
github.com/tendermint/go-merkle/iavl_node.go:293.55,295.5 1 1
github.com/tendermint/go-merkle/iavl_node.go:300.4,304.16 4 1
github.com/tendermint/go-merkle/iavl_node.go:309.4,311.21 3 1
github.com/tendermint/go-merkle/iavl_node.go:315.4,316.52 2 1
github.com/tendermint/go-merkle/iavl_node.go:304.16,306.5 1 0
github.com/tendermint/go-merkle/iavl_node.go:306.5,306.57 1 1
github.com/tendermint/go-merkle/iavl_node.go:306.57,308.5 1 1
github.com/tendermint/go-merkle/iavl_node.go:311.21,314.5 2 1
github.com/tendermint/go-merkle/iavl_node.go:321.58,322.26 1 1
github.com/tendermint/go-merkle/iavl_node.go:322.26,324.3 1 1
github.com/tendermint/go-merkle/iavl_node.go:324.3,326.3 1 1
github.com/tendermint/go-merkle/iavl_node.go:329.59,330.27 1 1
github.com/tendermint/go-merkle/iavl_node.go:330.27,332.3 1 1
github.com/tendermint/go-merkle/iavl_node.go:332.3,334.3 1 1
github.com/tendermint/go-merkle/iavl_node.go:337.58,349.2 8 1
github.com/tendermint/go-merkle/iavl_node.go:351.57,363.2 8 1
github.com/tendermint/go-merkle/iavl_node.go:366.54,369.2 2 1
github.com/tendermint/go-merkle/iavl_node.go:371.52,373.2 1 1
github.com/tendermint/go-merkle/iavl_node.go:375.64,377.17 2 1
github.com/tendermint/go-merkle/iavl_node.go:389.2,389.18 1 1
github.com/tendermint/go-merkle/iavl_node.go:402.2,402.13 1 1
github.com/tendermint/go-merkle/iavl_node.go:377.17,378.46 1 1
github.com/tendermint/go-merkle/iavl_node.go:378.46,381.4 1 1
github.com/tendermint/go-merkle/iavl_node.go:381.4,387.4 3 1
github.com/tendermint/go-merkle/iavl_node.go:389.18,390.47 1 1
github.com/tendermint/go-merkle/iavl_node.go:390.47,393.4 1 1
github.com/tendermint/go-merkle/iavl_node.go:393.4,399.4 3 1
github.com/tendermint/go-merkle/iavl_node.go:405.75,407.10 2 1
github.com/tendermint/go-merkle/iavl_node.go:410.2,410.21 1 1
github.com/tendermint/go-merkle/iavl_node.go:420.2,420.14 1 1
github.com/tendermint/go-merkle/iavl_node.go:407.10,409.3 1 0
github.com/tendermint/go-merkle/iavl_node.go:410.21,412.11 2 1
github.com/tendermint/go-merkle/iavl_node.go:415.3,416.11 2 1
github.com/tendermint/go-merkle/iavl_node.go:412.11,414.4 1 0
github.com/tendermint/go-merkle/iavl_node.go:416.11,418.4 1 0
github.com/tendermint/go-merkle/iavl_node.go:424.50,425.22 1 1
github.com/tendermint/go-merkle/iavl_node.go:428.2,428.35 1 1
github.com/tendermint/go-merkle/iavl_node.go:425.22,427.3 1 1
github.com/tendermint/go-merkle/iavl_node.go:432.50,433.22 1 0
github.com/tendermint/go-merkle/iavl_node.go:436.2,436.36 1 0
github.com/tendermint/go-merkle/iavl_node.go:433.22,435.3 1 0
github.com/tendermint/go-merkle/iavl_node.go:442.85,444.17 2 1
github.com/tendermint/go-merkle/iavl_node.go:447.2,448.54 2 1
github.com/tendermint/go-merkle/iavl_node.go:444.17,446.3 1 0
github.com/tendermint/go-merkle/iavl_node.go:452.88,455.17 3 1
github.com/tendermint/go-merkle/iavl_node.go:458.2,458.45 1 1
github.com/tendermint/go-merkle/iavl_node.go:455.17,457.3 1 0
github.com/tendermint/go-merkle/iavl_proof.go:18.76,19.53 1 1
github.com/tendermint/go-merkle/iavl_proof.go:22.2,22.57 1 1
github.com/tendermint/go-merkle/iavl_proof.go:25.2,25.44 1 1
github.com/tendermint/go-merkle/iavl_proof.go:28.2,30.42 2 1
github.com/tendermint/go-merkle/iavl_proof.go:35.2,35.42 1 1
github.com/tendermint/go-merkle/iavl_proof.go:19.53,21.3 1 1
github.com/tendermint/go-merkle/iavl_proof.go:22.57,24.3 1 1
github.com/tendermint/go-merkle/iavl_proof.go:25.44,27.3 1 1
github.com/tendermint/go-merkle/iavl_proof.go:30.42,33.3 1 1
github.com/tendermint/go-merkle/iavl_proof.go:45.64,51.27 6 1
github.com/tendermint/go-merkle/iavl_proof.go:58.2,58.16 1 1
github.com/tendermint/go-merkle/iavl_proof.go:62.2,63.24 2 1
github.com/tendermint/go-merkle/iavl_proof.go:51.27,54.3 2 1
github.com/tendermint/go-merkle/iavl_proof.go:54.3,57.3 2 1
github.com/tendermint/go-merkle/iavl_proof.go:58.16,60.3 1 0
github.com/tendermint/go-merkle/iavl_proof.go:71.45,79.16 8 1
github.com/tendermint/go-merkle/iavl_proof.go:83.2,84.24 2 1
github.com/tendermint/go-merkle/iavl_proof.go:79.16,81.3 1 0
github.com/tendermint/go-merkle/iavl_proof.go:87.100,88.22 1 1
github.com/tendermint/go-merkle/iavl_proof.go:88.22,89.45 1 1
github.com/tendermint/go-merkle/iavl_proof.go:89.45,93.18 4 1
github.com/tendermint/go-merkle/iavl_proof.go:96.4,97.18 2 1
github.com/tendermint/go-merkle/iavl_proof.go:100.4,105.15 3 1
github.com/tendermint/go-merkle/iavl_proof.go:93.18,95.5 1 0
github.com/tendermint/go-merkle/iavl_proof.go:97.18,99.5 1 0
github.com/tendermint/go-merkle/iavl_proof.go:106.4,108.4 1 0
github.com/tendermint/go-merkle/iavl_proof.go:109.3,110.44 1 1
github.com/tendermint/go-merkle/iavl_proof.go:110.44,112.15 2 1
github.com/tendermint/go-merkle/iavl_proof.go:115.4,122.15 3 1
github.com/tendermint/go-merkle/iavl_proof.go:112.15,114.5 1 0
github.com/tendermint/go-merkle/iavl_proof.go:123.4,125.15 2 1
github.com/tendermint/go-merkle/iavl_proof.go:128.4,135.15 3 1
github.com/tendermint/go-merkle/iavl_proof.go:125.15,127.5 1 0
github.com/tendermint/go-merkle/iavl_proof.go:141.63,142.19 1 1
github.com/tendermint/go-merkle/iavl_proof.go:145.2,150.14 4 1
github.com/tendermint/go-merkle/iavl_proof.go:142.19,144.3 1 0
github.com/tendermint/go-merkle/iavl_tree.go:24.87,25.15 1 1
github.com/tendermint/go-merkle/iavl_tree.go:25.15,31.3 1 1
github.com/tendermint/go-merkle/iavl_tree.go:31.3,38.3 1 1
github.com/tendermint/go-merkle/iavl_tree.go:43.32,44.19 1 0
github.com/tendermint/go-merkle/iavl_tree.go:52.2,52.39 1 0
github.com/tendermint/go-merkle/iavl_tree.go:63.2,68.3 1 0
github.com/tendermint/go-merkle/iavl_tree.go:44.19,51.3 1 0
github.com/tendermint/go-merkle/iavl_tree.go:52.39,58.3 1 0
github.com/tendermint/go-merkle/iavl_tree.go:58.3,58.47 1 0
github.com/tendermint/go-merkle/iavl_tree.go:58.47,62.3 1 0
github.com/tendermint/go-merkle/iavl_tree.go:71.31,72.19 1 1
github.com/tendermint/go-merkle/iavl_tree.go:75.2,75.20 1 1
github.com/tendermint/go-merkle/iavl_tree.go:72.19,74.3 1 1
github.com/tendermint/go-merkle/iavl_tree.go:78.34,79.19 1 0
github.com/tendermint/go-merkle/iavl_tree.go:82.2,82.22 1 0
github.com/tendermint/go-merkle/iavl_tree.go:79.19,81.3 1 0
github.com/tendermint/go-merkle/iavl_tree.go:85.46,86.19 1 1
github.com/tendermint/go-merkle/iavl_tree.go:89.2,89.27 1 1
github.com/tendermint/go-merkle/iavl_tree.go:86.19,88.3 1 0
github.com/tendermint/go-merkle/iavl_tree.go:92.75,93.19 1 1
github.com/tendermint/go-merkle/iavl_tree.go:97.2,98.16 2 1
github.com/tendermint/go-merkle/iavl_tree.go:93.19,96.3 2 1
github.com/tendermint/go-merkle/iavl_tree.go:101.34,102.19 1 1
github.com/tendermint/go-merkle/iavl_tree.go:105.2,106.13 2 1
github.com/tendermint/go-merkle/iavl_tree.go:102.19,104.3 1 0
github.com/tendermint/go-merkle/iavl_tree.go:109.50,110.19 1 1
github.com/tendermint/go-merkle/iavl_tree.go:113.2,113.32 1 1
github.com/tendermint/go-merkle/iavl_tree.go:110.19,112.3 1 0
github.com/tendermint/go-merkle/iavl_tree.go:116.34,117.19 1 1
github.com/tendermint/go-merkle/iavl_tree.go:120.2,120.23 1 1
github.com/tendermint/go-merkle/iavl_tree.go:117.19,119.3 1 0
github.com/tendermint/go-merkle/iavl_tree.go:125.38,126.20 1 1
github.com/tendermint/go-merkle/iavl_tree.go:126.20,128.3 1 0
github.com/tendermint/go-merkle/iavl_tree.go:128.3,130.3 1 1
github.com/tendermint/go-merkle/iavl_tree.go:133.72,134.19 1 1
github.com/tendermint/go-merkle/iavl_tree.go:137.2,137.27 1 1
github.com/tendermint/go-merkle/iavl_tree.go:134.19,136.3 1 0
github.com/tendermint/go-merkle/iavl_tree.go:140.79,141.19 1 0
github.com/tendermint/go-merkle/iavl_tree.go:144.2,144.36 1 0
github.com/tendermint/go-merkle/iavl_tree.go:141.19,143.3 1 0
github.com/tendermint/go-merkle/iavl_tree.go:147.78,148.19 1 1
github.com/tendermint/go-merkle/iavl_tree.go:151.2,152.14 2 1
github.com/tendermint/go-merkle/iavl_tree.go:155.2,155.42 1 1
github.com/tendermint/go-merkle/iavl_tree.go:160.2,160.20 1 1
github.com/tendermint/go-merkle/iavl_tree.go:148.19,150.3 1 0
github.com/tendermint/go-merkle/iavl_tree.go:152.14,154.3 1 0
github.com/tendermint/go-merkle/iavl_tree.go:155.42,157.3 1 0
github.com/tendermint/go-merkle/iavl_tree.go:157.3,159.3 1 1
github.com/tendermint/go-merkle/iavl_tree.go:163.93,164.19 1 1
github.com/tendermint/go-merkle/iavl_tree.go:167.2,167.54 1 1
github.com/tendermint/go-merkle/iavl_tree.go:164.19,166.3 1 0
github.com/tendermint/go-merkle/iavl_tree.go:167.54,168.23 1 1
github.com/tendermint/go-merkle/iavl_tree.go:168.23,170.4 1 1
github.com/tendermint/go-merkle/iavl_tree.go:170.4,172.4 1 1
github.com/tendermint/go-merkle/iavl_tree.go:191.50,198.2 1 1
github.com/tendermint/go-merkle/iavl_tree.go:200.64,205.8 4 1
github.com/tendermint/go-merkle/iavl_tree.go:205.8,209.3 2 1
github.com/tendermint/go-merkle/iavl_tree.go:209.3,212.20 2 1
github.com/tendermint/go-merkle/iavl_tree.go:216.3,220.17 5 1
github.com/tendermint/go-merkle/iavl_tree.go:223.3,226.14 4 1
github.com/tendermint/go-merkle/iavl_tree.go:212.20,215.4 2 0
github.com/tendermint/go-merkle/iavl_tree.go:220.17,222.4 1 0
github.com/tendermint/go-merkle/iavl_tree.go:230.58,233.22 3 1
github.com/tendermint/go-merkle/iavl_tree.go:236.2,236.20 1 1
github.com/tendermint/go-merkle/iavl_tree.go:243.2,245.16 3 1
github.com/tendermint/go-merkle/iavl_tree.go:248.2,250.21 3 1
github.com/tendermint/go-merkle/iavl_tree.go:233.22,235.3 1 0
github.com/tendermint/go-merkle/iavl_tree.go:236.20,238.3 1 0
github.com/tendermint/go-merkle/iavl_tree.go:245.16,247.3 1 0
github.com/tendermint/go-merkle/iavl_tree.go:253.46,258.42 3 1
github.com/tendermint/go-merkle/iavl_tree.go:258.42,261.3 2 1
github.com/tendermint/go-merkle/simple_tree.go:38.64,44.16 6 1
github.com/tendermint/go-merkle/simple_tree.go:47.2,47.24 1 1
github.com/tendermint/go-merkle/simple_tree.go:44.16,46.3 1 0
github.com/tendermint/go-merkle/simple_tree.go:50.51,52.21 1 1
github.com/tendermint/go-merkle/simple_tree.go:53.2,54.13 1 0
github.com/tendermint/go-merkle/simple_tree.go:55.2,56.19 1 1
github.com/tendermint/go-merkle/simple_tree.go:57.2,60.46 3 1
github.com/tendermint/go-merkle/simple_tree.go:65.57,67.29 2 0
github.com/tendermint/go-merkle/simple_tree.go:70.2,70.37 1 0
github.com/tendermint/go-merkle/simple_tree.go:67.29,69.3 1 0
github.com/tendermint/go-merkle/simple_tree.go:74.52,77.17 3 0
github.com/tendermint/go-merkle/simple_tree.go:80.2,80.24 1 0
github.com/tendermint/go-merkle/simple_tree.go:77.17,79.3 1 0
github.com/tendermint/go-merkle/simple_tree.go:84.55,86.29 2 1
github.com/tendermint/go-merkle/simple_tree.go:90.2,90.37 1 1
github.com/tendermint/go-merkle/simple_tree.go:86.29,89.3 2 1
github.com/tendermint/go-merkle/simple_tree.go:94.57,97.2 2 0
github.com/tendermint/go-merkle/simple_tree.go:111.32,114.40 3 0
github.com/tendermint/go-merkle/simple_tree.go:119.2,119.17 1 0
github.com/tendermint/go-merkle/simple_tree.go:122.2,122.24 1 0
github.com/tendermint/go-merkle/simple_tree.go:114.40,116.3 1 0
github.com/tendermint/go-merkle/simple_tree.go:116.3,118.3 1 0
github.com/tendermint/go-merkle/simple_tree.go:119.17,121.3 1 0
github.com/tendermint/go-merkle/simple_tree.go:127.41,127.61 1 0
github.com/tendermint/go-merkle/simple_tree.go:128.41,128.77 1 0
github.com/tendermint/go-merkle/simple_tree.go:129.41,129.80 1 0
github.com/tendermint/go-merkle/simple_tree.go:130.41,130.60 1 0
github.com/tendermint/go-merkle/simple_tree.go:132.61,134.22 2 0
github.com/tendermint/go-merkle/simple_tree.go:137.2,139.30 3 0
github.com/tendermint/go-merkle/simple_tree.go:142.2,142.17 1 0
github.com/tendermint/go-merkle/simple_tree.go:134.22,136.3 1 0
github.com/tendermint/go-merkle/simple_tree.go:139.30,141.3 1 0
github.com/tendermint/go-merkle/simple_tree.go:152.91,156.31 4 1
github.com/tendermint/go-merkle/simple_tree.go:161.2,161.8 1 1
github.com/tendermint/go-merkle/simple_tree.go:156.31,160.3 1 1
github.com/tendermint/go-merkle/simple_tree.go:166.92,168.25 2 1
github.com/tendermint/go-merkle/simple_tree.go:171.2,171.42 1 1
github.com/tendermint/go-merkle/simple_tree.go:174.2,174.13 1 1
github.com/tendermint/go-merkle/simple_tree.go:168.25,170.3 1 1
github.com/tendermint/go-merkle/simple_tree.go:171.42,173.3 1 1
github.com/tendermint/go-merkle/simple_tree.go:177.40,179.2 1 0
github.com/tendermint/go-merkle/simple_tree.go:181.61,187.2 1 0
github.com/tendermint/go-merkle/simple_tree.go:191.95,193.20 1 1
github.com/tendermint/go-merkle/simple_tree.go:196.2,196.15 1 1
github.com/tendermint/go-merkle/simple_tree.go:193.20,195.3 1 0
github.com/tendermint/go-merkle/simple_tree.go:197.2,199.13 2 0
github.com/tendermint/go-merkle/simple_tree.go:200.2,201.28 1 1
github.com/tendermint/go-merkle/simple_tree.go:204.3,204.18 1 1
github.com/tendermint/go-merkle/simple_tree.go:205.2,206.28 1 1
github.com/tendermint/go-merkle/simple_tree.go:209.3,210.22 2 1
github.com/tendermint/go-merkle/simple_tree.go:201.28,203.4 1 1
github.com/tendermint/go-merkle/simple_tree.go:206.28,208.4 1 1
github.com/tendermint/go-merkle/simple_tree.go:210.22,212.23 2 1
github.com/tendermint/go-merkle/simple_tree.go:215.4,215.77 1 1
github.com/tendermint/go-merkle/simple_tree.go:212.23,214.5 1 1
github.com/tendermint/go-merkle/simple_tree.go:216.4,218.24 2 1
github.com/tendermint/go-merkle/simple_tree.go:221.4,221.78 1 1
github.com/tendermint/go-merkle/simple_tree.go:218.24,220.5 1 1
github.com/tendermint/go-merkle/simple_tree.go:240.53,243.17 2 1
github.com/tendermint/go-merkle/simple_tree.go:253.2,253.20 1 1
github.com/tendermint/go-merkle/simple_tree.go:243.17,244.22 1 1
github.com/tendermint/go-merkle/simple_tree.go:251.3,251.19 1 1
github.com/tendermint/go-merkle/simple_tree.go:244.22,246.4 1 1
github.com/tendermint/go-merkle/simple_tree.go:246.4,246.30 1 1
github.com/tendermint/go-merkle/simple_tree.go:246.30,248.4 1 1
github.com/tendermint/go-merkle/simple_tree.go:248.4,249.9 1 1
github.com/tendermint/go-merkle/simple_tree.go:258.95,260.20 1 1
github.com/tendermint/go-merkle/simple_tree.go:261.2,262.18 1 0
github.com/tendermint/go-merkle/simple_tree.go:263.2,265.42 2 1
github.com/tendermint/go-merkle/simple_tree.go:266.2,275.40 9 1
